<?xml version="1.0" encoding="UTF-8"?>
<!-- Generated by org.testng.reporters.JUnitXMLReporter -->
<testsuite ignored="0" hostname="LAPTOP-7REP2B3U" failures="1" tests="3" name="Test01" time="16.024" errors="0" timestamp="2024-01-04T22:58:09 IST">
  <testcase classname="io.cucumber.testng.AbstractTestNGCucumberTests" name="runScenario" time="13.157"/>
  <testcase classname="io.cucumber.testng.AbstractTestNGCucumberTests" name="runScenario" time="14.199">
    <failure type="java.lang.AssertionError" message="expected [No data] but found [Beetroot]">
      <![CDATA[java.lang.AssertionError: expected [No data] but found [Beetroot]
at StepDefinitions.OffersPageStepDefinition.validate_same_product_displayed_in_offers_page(OffersPageStepDefinition.java:54)
at âœ½.Same product displayed in Offers page(file:///C:/Users/01126A744/New%20Eclipse-workspace/Cucumber_Project/src/test/java/Features/ProductSearch.feature:9)
... Removed 6 stack frames]]>
    </failure>
  </testcase> <!-- runScenario -->
  <testcase classname="io.cucumber.testng.AbstractTestNGCucumberTests" name="runScenario" time="14.602"/>
</testsuite> <!-- Test01 -->
