<?xml version="1.0" encoding="UTF-8"?>
<!-- Generated by org.testng.reporters.JUnitReportReporter -->
<testsuite hostname="LAPTOP-7REP2B3U" failures="1" tests="3" name="CucumberTestRunner.TestRunnerFile" time="54.056" errors="0" timestamp="2024-03-01T22:13:53 IST" skipped="0">
  <testcase classname="CucumberTestRunner.TestRunnerFile" name="runScenario" time="19.431">
    <failure message="expected [No data] but found [Beetroot]" type="java.lang.AssertionError">
      <![CDATA[java.lang.AssertionError: expected [No data] but found [Beetroot]
at org.testng.Assert.fail(Assert.java:111)
at org.testng.Assert.failNotEquals(Assert.java:1578)
at org.testng.Assert.assertEqualsImpl(Assert.java:150)
at org.testng.Assert.assertEquals(Assert.java:132)
at org.testng.Assert.assertEquals(Assert.java:656)
at org.testng.Assert.assertEquals(Assert.java:666)
at StepDefinitions.OffersPageStepDefinition.validate_same_product_displayed_in_offers_page(OffersPageStepDefinition.java:55)
at âœ½.Same product displayed in Offers page(file:///C:/Users/01126A744/git/RSASample/Cucumber_Project/src/test/java/Features/ProductSearch.feature:15)
]]>
    </failure>
  </testcase> <!-- runScenario -->
  <testcase classname="CucumberTestRunner.TestRunnerFile" name="runScenario" time="16.324"/>
  <testcase classname="CucumberTestRunner.TestRunnerFile" name="runScenario" time="18.301"/>
</testsuite> <!-- CucumberTestRunner.TestRunnerFile -->
